2026-04-27 10:57:18 - INFO - web - ===== WEB APP STARTED =====
2026-04-27 11:19:00 - INFO - web - ===== WEB APP STARTED =====
2026-04-27 11:19:06 - ERROR - web - Exception on /auth/api/user [GET]
Traceback (most recent call last):
  File "C:\proj\python\git_stend\stend_hardware\venv\lib\site-packages\flask\app.py", line 1511, in wsgi_app
    response = self.full_dispatch_request()
  File "C:\proj\python\git_stend\stend_hardware\venv\lib\site-packages\flask\app.py", line 919, in full_dispatch_request
    rv = self.handle_user_exception(e)
  File "C:\proj\python\git_stend\stend_hardware\venv\lib\site-packages\flask\app.py", line 917, in full_dispatch_request
    rv = self.dispatch_request()
  File "C:\proj\python\git_stend\stend_hardware\venv\lib\site-packages\flask\app.py", line 902, in dispatch_request
    return self.ensure_sync(self.view_functions[rule.endpoint])(**view_args)  # type: ignore[no-any-return]
  File "C:\proj\python\git_stend\stend_hardware\web\pages\auth.py", line 261, in api_current_user
    from core.config import get_config
ValueError: source code string cannot contain null bytes
2026-04-27 11:19:13 - ERROR - web - Exception on /auth/api/user [GET]
Traceback (most recent call last):
  File "C:\proj\python\git_stend\stend_hardware\venv\lib\site-packages\flask\app.py", line 1511, in wsgi_app
    response = self.full_dispatch_request()
  File "C:\proj\python\git_stend\stend_hardware\venv\lib\site-packages\flask\app.py", line 919, in full_dispatch_request
    rv = self.handle_user_exception(e)
  File "C:\proj\python\git_stend\stend_hardware\venv\lib\site-packages\flask\app.py", line 917, in full_dispatch_request
    rv = self.dispatch_request()
  File "C:\proj\python\git_stend\stend_hardware\venv\lib\site-packages\flask\app.py", line 902, in dispatch_request
    return self.ensure_sync(self.view_functions[rule.endpoint])(**view_args)  # type: ignore[no-any-return]
  File "C:\proj\python\git_stend\stend_hardware\web\pages\auth.py", line 261, in api_current_user
    from core.config import get_config
ValueError: source code string cannot contain null bytes
2026-04-27 11:19:19 - ERROR - web - Exception on /auth/api/user [GET]
Traceback (most recent call last):
  File "C:\proj\python\git_stend\stend_hardware\venv\lib\site-packages\flask\app.py", line 1511, in wsgi_app
    response = self.full_dispatch_request()
  File "C:\proj\python\git_stend\stend_hardware\venv\lib\site-packages\flask\app.py", line 919, in full_dispatch_request
    rv = self.handle_user_exception(e)
  File "C:\proj\python\git_stend\stend_hardware\venv\lib\site-packages\flask\app.py", line 917, in full_dispatch_request
    rv = self.dispatch_request()
  File "C:\proj\python\git_stend\stend_hardware\venv\lib\site-packages\flask\app.py", line 902, in dispatch_request
    return self.ensure_sync(self.view_functions[rule.endpoint])(**view_args)  # type: ignore[no-any-return]
  File "C:\proj\python\git_stend\stend_hardware\web\pages\auth.py", line 261, in api_current_user
    from core.config import get_config
ValueError: source code string cannot contain null bytes
2026-04-27 11:20:27 - ERROR - web - Exception on /auth/api/user [GET]
Traceback (most recent call last):
  File "C:\proj\python\git_stend\stend_hardware\venv\lib\site-packages\flask\app.py", line 1511, in wsgi_app
    response = self.full_dispatch_request()
  File "C:\proj\python\git_stend\stend_hardware\venv\lib\site-packages\flask\app.py", line 919, in full_dispatch_request
    rv = self.handle_user_exception(e)
  File "C:\proj\python\git_stend\stend_hardware\venv\lib\site-packages\flask\app.py", line 917, in full_dispatch_request
    rv = self.dispatch_request()
  File "C:\proj\python\git_stend\stend_hardware\venv\lib\site-packages\flask\app.py", line 902, in dispatch_request
    return self.ensure_sync(self.view_functions[rule.endpoint])(**view_args)  # type: ignore[no-any-return]
  File "C:\proj\python\git_stend\stend_hardware\web\pages\auth.py", line 261, in api_current_user
    from core.config import get_config
ValueError: source code string cannot contain null bytes
2026-04-27 11:20:50 - ERROR - web - Exception on /auth/api/user [GET]
Traceback (most recent call last):
  File "C:\proj\python\git_stend\stend_hardware\venv\lib\site-packages\flask\app.py", line 1511, in wsgi_app
    response = self.full_dispatch_request()
  File "C:\proj\python\git_stend\stend_hardware\venv\lib\site-packages\flask\app.py", line 919, in full_dispatch_request
    rv = self.handle_user_exception(e)
  File "C:\proj\python\git_stend\stend_hardware\venv\lib\site-packages\flask\app.py", line 917, in full_dispatch_request
    rv = self.dispatch_request()
  File "C:\proj\python\git_stend\stend_hardware\venv\lib\site-packages\flask\app.py", line 902, in dispatch_request
    return self.ensure_sync(self.view_functions[rule.endpoint])(**view_args)  # type: ignore[no-any-return]
  File "C:\proj\python\git_stend\stend_hardware\web\pages\auth.py", line 261, in api_current_user
    from core.config import get_config
ValueError: source code string cannot contain null bytes
2026-04-27 11:32:18 - INFO - web - ===== WEB APP STARTED =====
2026-04-27 11:34:42 - INFO - web - ===== WEB APP STARTED =====
2026-04-27 11:36:51 - INFO - web - ===== WEB APP STARTED =====
2026-04-27 11:43:15 - INFO - web - ===== WEB APP STARTED =====
2026-04-27 11:47:03 - INFO - web - ===== WEB APP STARTED =====
2026-04-27 11:51:24 - INFO - web - ===== WEB APP STARTED =====
2026-04-27 12:04:48 - INFO - web - ===== WEB APP STARTED =====
2026-04-27 12:07:45 - INFO - web - ===== WEB APP STARTED =====
2026-04-27 12:07:51 - ERROR - web - Exception on / [GET]
Traceback (most recent call last):
  File "C:\proj\python\git_stend\stend_hardware\venv\lib\site-packages\flask\app.py", line 1511, in wsgi_app
    response = self.full_dispatch_request()
  File "C:\proj\python\git_stend\stend_hardware\venv\lib\site-packages\flask\app.py", line 919, in full_dispatch_request
    rv = self.handle_user_exception(e)
  File "C:\proj\python\git_stend\stend_hardware\venv\lib\site-packages\flask\app.py", line 917, in full_dispatch_request
    rv = self.dispatch_request()
  File "C:\proj\python\git_stend\stend_hardware\venv\lib\site-packages\flask\app.py", line 902, in dispatch_request
    return self.ensure_sync(self.view_functions[rule.endpoint])(**view_args)  # type: ignore[no-any-return]
  File "C:\proj\python\git_stend\stend_hardware\web\pages\auth.py", line 57, in decorated_function
    if request.is_xhr or request.path.startswith('/api/'):
AttributeError: 'Request' object has no attribute 'is_xhr'
2026-04-27 12:07:54 - ERROR - web - Exception on / [GET]
Traceback (most recent call last):
  File "C:\proj\python\git_stend\stend_hardware\venv\lib\site-packages\flask\app.py", line 1511, in wsgi_app
    response = self.full_dispatch_request()
  File "C:\proj\python\git_stend\stend_hardware\venv\lib\site-packages\flask\app.py", line 919, in full_dispatch_request
    rv = self.handle_user_exception(e)
  File "C:\proj\python\git_stend\stend_hardware\venv\lib\site-packages\flask\app.py", line 917, in full_dispatch_request
    rv = self.dispatch_request()
  File "C:\proj\python\git_stend\stend_hardware\venv\lib\site-packages\flask\app.py", line 902, in dispatch_request
    return self.ensure_sync(self.view_functions[rule.endpoint])(**view_args)  # type: ignore[no-any-return]
  File "C:\proj\python\git_stend\stend_hardware\web\pages\auth.py", line 57, in decorated_function
    if request.is_xhr or request.path.startswith('/api/'):
AttributeError: 'Request' object has no attribute 'is_xhr'
2026-04-27 12:07:56 - ERROR - web - Exception on / [GET]
Traceback (most recent call last):
  File "C:\proj\python\git_stend\stend_hardware\venv\lib\site-packages\flask\app.py", line 1511, in wsgi_app
    response = self.full_dispatch_request()
  File "C:\proj\python\git_stend\stend_hardware\venv\lib\site-packages\flask\app.py", line 919, in full_dispatch_request
    rv = self.handle_user_exception(e)
  File "C:\proj\python\git_stend\stend_hardware\venv\lib\site-packages\flask\app.py", line 917, in full_dispatch_request
    rv = self.dispatch_request()
  File "C:\proj\python\git_stend\stend_hardware\venv\lib\site-packages\flask\app.py", line 902, in dispatch_request
    return self.ensure_sync(self.view_functions[rule.endpoint])(**view_args)  # type: ignore[no-any-return]
  File "C:\proj\python\git_stend\stend_hardware\web\pages\auth.py", line 57, in decorated_function
    if request.is_xhr or request.path.startswith('/api/'):
AttributeError: 'Request' object has no attribute 'is_xhr'
2026-04-27 12:07:56 - ERROR - web - Exception on / [GET]
Traceback (most recent call last):
  File "C:\proj\python\git_stend\stend_hardware\venv\lib\site-packages\flask\app.py", line 1511, in wsgi_app
    response = self.full_dispatch_request()
  File "C:\proj\python\git_stend\stend_hardware\venv\lib\site-packages\flask\app.py", line 919, in full_dispatch_request
    rv = self.handle_user_exception(e)
  File "C:\proj\python\git_stend\stend_hardware\venv\lib\site-packages\flask\app.py", line 917, in full_dispatch_request
    rv = self.dispatch_request()
  File "C:\proj\python\git_stend\stend_hardware\venv\lib\site-packages\flask\app.py", line 902, in dispatch_request
    return self.ensure_sync(self.view_functions[rule.endpoint])(**view_args)  # type: ignore[no-any-return]
  File "C:\proj\python\git_stend\stend_hardware\web\pages\auth.py", line 57, in decorated_function
    if request.is_xhr or request.path.startswith('/api/'):
AttributeError: 'Request' object has no attribute 'is_xhr'
2026-04-27 12:07:57 - ERROR - web - Exception on / [GET]
Traceback (most recent call last):
  File "C:\proj\python\git_stend\stend_hardware\venv\lib\site-packages\flask\app.py", line 1511, in wsgi_app
    response = self.full_dispatch_request()
  File "C:\proj\python\git_stend\stend_hardware\venv\lib\site-packages\flask\app.py", line 919, in full_dispatch_request
    rv = self.handle_user_exception(e)
  File "C:\proj\python\git_stend\stend_hardware\venv\lib\site-packages\flask\app.py", line 917, in full_dispatch_request
    rv = self.dispatch_request()
  File "C:\proj\python\git_stend\stend_hardware\venv\lib\site-packages\flask\app.py", line 902, in dispatch_request
    return self.ensure_sync(self.view_functions[rule.endpoint])(**view_args)  # type: ignore[no-any-return]
  File "C:\proj\python\git_stend\stend_hardware\web\pages\auth.py", line 57, in decorated_function
    if request.is_xhr or request.path.startswith('/api/'):
AttributeError: 'Request' object has no attribute 'is_xhr'
2026-04-27 12:07:57 - ERROR - web - Exception on / [GET]
Traceback (most recent call last):
  File "C:\proj\python\git_stend\stend_hardware\venv\lib\site-packages\flask\app.py", line 1511, in wsgi_app
    response = self.full_dispatch_request()
  File "C:\proj\python\git_stend\stend_hardware\venv\lib\site-packages\flask\app.py", line 919, in full_dispatch_request
    rv = self.handle_user_exception(e)
  File "C:\proj\python\git_stend\stend_hardware\venv\lib\site-packages\flask\app.py", line 917, in full_dispatch_request
    rv = self.dispatch_request()
  File "C:\proj\python\git_stend\stend_hardware\venv\lib\site-packages\flask\app.py", line 902, in dispatch_request
    return self.ensure_sync(self.view_functions[rule.endpoint])(**view_args)  # type: ignore[no-any-return]
  File "C:\proj\python\git_stend\stend_hardware\web\pages\auth.py", line 57, in decorated_function
    if request.is_xhr or request.path.startswith('/api/'):
AttributeError: 'Request' object has no attribute 'is_xhr'
2026-04-27 12:07:57 - ERROR - web - Exception on / [GET]
Traceback (most recent call last):
  File "C:\proj\python\git_stend\stend_hardware\venv\lib\site-packages\flask\app.py", line 1511, in wsgi_app
    response = self.full_dispatch_request()
  File "C:\proj\python\git_stend\stend_hardware\venv\lib\site-packages\flask\app.py", line 919, in full_dispatch_request
    rv = self.handle_user_exception(e)
  File "C:\proj\python\git_stend\stend_hardware\venv\lib\site-packages\flask\app.py", line 917, in full_dispatch_request
    rv = self.dispatch_request()
  File "C:\proj\python\git_stend\stend_hardware\venv\lib\site-packages\flask\app.py", line 902, in dispatch_request
    return self.ensure_sync(self.view_functions[rule.endpoint])(**view_args)  # type: ignore[no-any-return]
  File "C:\proj\python\git_stend\stend_hardware\web\pages\auth.py", line 57, in decorated_function
    if request.is_xhr or request.path.startswith('/api/'):
AttributeError: 'Request' object has no attribute 'is_xhr'
2026-04-27 12:07:57 - ERROR - web - Exception on / [GET]
Traceback (most recent call last):
  File "C:\proj\python\git_stend\stend_hardware\venv\lib\site-packages\flask\app.py", line 1511, in wsgi_app
    response = self.full_dispatch_request()
  File "C:\proj\python\git_stend\stend_hardware\venv\lib\site-packages\flask\app.py", line 919, in full_dispatch_request
    rv = self.handle_user_exception(e)
  File "C:\proj\python\git_stend\stend_hardware\venv\lib\site-packages\flask\app.py", line 917, in full_dispatch_request
    rv = self.dispatch_request()
  File "C:\proj\python\git_stend\stend_hardware\venv\lib\site-packages\flask\app.py", line 902, in dispatch_request
    return self.ensure_sync(self.view_functions[rule.endpoint])(**view_args)  # type: ignore[no-any-return]
  File "C:\proj\python\git_stend\stend_hardware\web\pages\auth.py", line 57, in decorated_function
    if request.is_xhr or request.path.startswith('/api/'):
AttributeError: 'Request' object has no attribute 'is_xhr'
2026-04-27 12:07:57 - ERROR - web - Exception on / [GET]
Traceback (most recent call last):
  File "C:\proj\python\git_stend\stend_hardware\venv\lib\site-packages\flask\app.py", line 1511, in wsgi_app
    response = self.full_dispatch_request()
  File "C:\proj\python\git_stend\stend_hardware\venv\lib\site-packages\flask\app.py", line 919, in full_dispatch_request
    rv = self.handle_user_exception(e)
  File "C:\proj\python\git_stend\stend_hardware\venv\lib\site-packages\flask\app.py", line 917, in full_dispatch_request
    rv = self.dispatch_request()
  File "C:\proj\python\git_stend\stend_hardware\venv\lib\site-packages\flask\app.py", line 902, in dispatch_request
    return self.ensure_sync(self.view_functions[rule.endpoint])(**view_args)  # type: ignore[no-any-return]
  File "C:\proj\python\git_stend\stend_hardware\web\pages\auth.py", line 57, in decorated_function
    if request.is_xhr or request.path.startswith('/api/'):
AttributeError: 'Request' object has no attribute 'is_xhr'
2026-04-27 12:07:57 - ERROR - web - Exception on / [GET]
Traceback (most recent call last):
  File "C:\proj\python\git_stend\stend_hardware\venv\lib\site-packages\flask\app.py", line 1511, in wsgi_app
    response = self.full_dispatch_request()
  File "C:\proj\python\git_stend\stend_hardware\venv\lib\site-packages\flask\app.py", line 919, in full_dispatch_request
    rv = self.handle_user_exception(e)
  File "C:\proj\python\git_stend\stend_hardware\venv\lib\site-packages\flask\app.py", line 917, in full_dispatch_request
    rv = self.dispatch_request()
  File "C:\proj\python\git_stend\stend_hardware\venv\lib\site-packages\flask\app.py", line 902, in dispatch_request
    return self.ensure_sync(self.view_functions[rule.endpoint])(**view_args)  # type: ignore[no-any-return]
  File "C:\proj\python\git_stend\stend_hardware\web\pages\auth.py", line 57, in decorated_function
    if request.is_xhr or request.path.startswith('/api/'):
AttributeError: 'Request' object has no attribute 'is_xhr'
2026-04-27 12:07:58 - ERROR - web - Exception on / [GET]
Traceback (most recent call last):
  File "C:\proj\python\git_stend\stend_hardware\venv\lib\site-packages\flask\app.py", line 1511, in wsgi_app
    response = self.full_dispatch_request()
  File "C:\proj\python\git_stend\stend_hardware\venv\lib\site-packages\flask\app.py", line 919, in full_dispatch_request
    rv = self.handle_user_exception(e)
  File "C:\proj\python\git_stend\stend_hardware\venv\lib\site-packages\flask\app.py", line 917, in full_dispatch_request
    rv = self.dispatch_request()
  File "C:\proj\python\git_stend\stend_hardware\venv\lib\site-packages\flask\app.py", line 902, in dispatch_request
    return self.ensure_sync(self.view_functions[rule.endpoint])(**view_args)  # type: ignore[no-any-return]
  File "C:\proj\python\git_stend\stend_hardware\web\pages\auth.py", line 57, in decorated_function
    if request.is_xhr or request.path.startswith('/api/'):
AttributeError: 'Request' object has no attribute 'is_xhr'
2026-04-27 12:07:58 - ERROR - web - Exception on / [GET]
Traceback (most recent call last):
  File "C:\proj\python\git_stend\stend_hardware\venv\lib\site-packages\flask\app.py", line 1511, in wsgi_app
    response = self.full_dispatch_request()
  File "C:\proj\python\git_stend\stend_hardware\venv\lib\site-packages\flask\app.py", line 919, in full_dispatch_request
    rv = self.handle_user_exception(e)
  File "C:\proj\python\git_stend\stend_hardware\venv\lib\site-packages\flask\app.py", line 917, in full_dispatch_request
    rv = self.dispatch_request()
  File "C:\proj\python\git_stend\stend_hardware\venv\lib\site-packages\flask\app.py", line 902, in dispatch_request
    return self.ensure_sync(self.view_functions[rule.endpoint])(**view_args)  # type: ignore[no-any-return]
  File "C:\proj\python\git_stend\stend_hardware\web\pages\auth.py", line 57, in decorated_function
    if request.is_xhr or request.path.startswith('/api/'):
AttributeError: 'Request' object has no attribute 'is_xhr'
2026-04-27 12:08:20 - ERROR - web - Exception on / [GET]
Traceback (most recent call last):
  File "C:\proj\python\git_stend\stend_hardware\venv\lib\site-packages\flask\app.py", line 1511, in wsgi_app
    response = self.full_dispatch_request()
  File "C:\proj\python\git_stend\stend_hardware\venv\lib\site-packages\flask\app.py", line 919, in full_dispatch_request
    rv = self.handle_user_exception(e)
  File "C:\proj\python\git_stend\stend_hardware\venv\lib\site-packages\flask\app.py", line 917, in full_dispatch_request
    rv = self.dispatch_request()
  File "C:\proj\python\git_stend\stend_hardware\venv\lib\site-packages\flask\app.py", line 902, in dispatch_request
    return self.ensure_sync(self.view_functions[rule.endpoint])(**view_args)  # type: ignore[no-any-return]
  File "C:\proj\python\git_stend\stend_hardware\web\pages\auth.py", line 57, in decorated_function
    if request.is_xhr or request.path.startswith('/api/'):
AttributeError: 'Request' object has no attribute 'is_xhr'
2026-04-27 12:08:21 - ERROR - web - Exception on / [GET]
Traceback (most recent call last):
  File "C:\proj\python\git_stend\stend_hardware\venv\lib\site-packages\flask\app.py", line 1511, in wsgi_app
    response = self.full_dispatch_request()
  File "C:\proj\python\git_stend\stend_hardware\venv\lib\site-packages\flask\app.py", line 919, in full_dispatch_request
    rv = self.handle_user_exception(e)
  File "C:\proj\python\git_stend\stend_hardware\venv\lib\site-packages\flask\app.py", line 917, in full_dispatch_request
    rv = self.dispatch_request()
  File "C:\proj\python\git_stend\stend_hardware\venv\lib\site-packages\flask\app.py", line 902, in dispatch_request
    return self.ensure_sync(self.view_functions[rule.endpoint])(**view_args)  # type: ignore[no-any-return]
  File "C:\proj\python\git_stend\stend_hardware\web\pages\auth.py", line 57, in decorated_function
    if request.is_xhr or request.path.startswith('/api/'):
AttributeError: 'Request' object has no attribute 'is_xhr'
2026-04-27 12:08:21 - ERROR - web - Exception on / [GET]
Traceback (most recent call last):
  File "C:\proj\python\git_stend\stend_hardware\venv\lib\site-packages\flask\app.py", line 1511, in wsgi_app
    response = self.full_dispatch_request()
  File "C:\proj\python\git_stend\stend_hardware\venv\lib\site-packages\flask\app.py", line 919, in full_dispatch_request
    rv = self.handle_user_exception(e)
  File "C:\proj\python\git_stend\stend_hardware\venv\lib\site-packages\flask\app.py", line 917, in full_dispatch_request
    rv = self.dispatch_request()
  File "C:\proj\python\git_stend\stend_hardware\venv\lib\site-packages\flask\app.py", line 902, in dispatch_request
    return self.ensure_sync(self.view_functions[rule.endpoint])(**view_args)  # type: ignore[no-any-return]
  File "C:\proj\python\git_stend\stend_hardware\web\pages\auth.py", line 57, in decorated_function
    if request.is_xhr or request.path.startswith('/api/'):
AttributeError: 'Request' object has no attribute 'is_xhr'
2026-04-27 12:08:22 - ERROR - web - Exception on / [GET]
Traceback (most recent call last):
  File "C:\proj\python\git_stend\stend_hardware\venv\lib\site-packages\flask\app.py", line 1511, in wsgi_app
    response = self.full_dispatch_request()
  File "C:\proj\python\git_stend\stend_hardware\venv\lib\site-packages\flask\app.py", line 919, in full_dispatch_request
    rv = self.handle_user_exception(e)
  File "C:\proj\python\git_stend\stend_hardware\venv\lib\site-packages\flask\app.py", line 917, in full_dispatch_request
    rv = self.dispatch_request()
  File "C:\proj\python\git_stend\stend_hardware\venv\lib\site-packages\flask\app.py", line 902, in dispatch_request
    return self.ensure_sync(self.view_functions[rule.endpoint])(**view_args)  # type: ignore[no-any-return]
  File "C:\proj\python\git_stend\stend_hardware\web\pages\auth.py", line 57, in decorated_function
    if request.is_xhr or request.path.startswith('/api/'):
AttributeError: 'Request' object has no attribute 'is_xhr'
2026-04-27 12:08:31 - ERROR - web - Exception on / [GET]
Traceback (most recent call last):
  File "C:\proj\python\git_stend\stend_hardware\venv\lib\site-packages\flask\app.py", line 1511, in wsgi_app
    response = self.full_dispatch_request()
  File "C:\proj\python\git_stend\stend_hardware\venv\lib\site-packages\flask\app.py", line 919, in full_dispatch_request
    rv = self.handle_user_exception(e)
  File "C:\proj\python\git_stend\stend_hardware\venv\lib\site-packages\flask\app.py", line 917, in full_dispatch_request
    rv = self.dispatch_request()
  File "C:\proj\python\git_stend\stend_hardware\venv\lib\site-packages\flask\app.py", line 902, in dispatch_request
    return self.ensure_sync(self.view_functions[rule.endpoint])(**view_args)  # type: ignore[no-any-return]
  File "C:\proj\python\git_stend\stend_hardware\web\pages\auth.py", line 57, in decorated_function
    if request.is_xhr or request.path.startswith('/api/'):
AttributeError: 'Request' object has no attribute 'is_xhr'
2026-04-27 12:16:23 - INFO - web - ===== WEB APP STARTED =====
2026-04-27 12:25:32 - INFO - web - ===== WEB APP STARTED =====
2026-04-27 12:28:11 - INFO - web - ===== WEB APP STARTED =====
2026-04-27 12:33:08 - INFO - web - ===== WEB APP STARTED =====
2026-04-27 12:38:43 - INFO - web - ===== WEB APP STARTED =====
2026-04-27 12:43:33 - INFO - web - ===== WEB APP STARTED =====
2026-04-27 12:44:41 - INFO - web - Создан пользователь operator (роль: operator)
2026-04-27 13:04:32 - INFO - web - ===== WEB APP STARTED =====
2026-04-28 12:27:38 - INFO - web - ===== WEB APP STARTED =====
2026-04-28 12:27:53 - INFO - web - ===== WEB APP STARTED =====
2026-04-28 12:28:14 - INFO - web - ===== WEB APP STARTED =====
2026-04-28 12:28:16 - INFO - web - Запущен фоновый поток WebSocket обновлений
2026-04-29 11:23:14 - INFO - web - ===== WEB APP STARTED =====
2026-04-29 11:23:15 - INFO - web - Запущен фоновый поток WebSocket обновлений
2026-04-29 11:23:40 - INFO - web - Клиент подключился к WebSocket: GUgejmR-7Ceo5O8hAAAB
2026-04-29 11:23:40 - INFO - web - Клиент GUgejmR-7Ceo5O8hAAAB подписался на обновления статуса
2026-04-29 11:23:50 - INFO - web - Клиент отключился от WebSocket: GUgejmR-7Ceo5O8hAAAB
2026-04-30 11:53:23 - INFO - web - ===== WEB APP STARTED =====
2026-04-30 11:53:24 - INFO - web - Запущен фоновый поток WebSocket обновлений
2026-04-30 11:53:32 - INFO - web - Клиент подключился к WebSocket: 5xOXXX_jqK1I89pwAAAB
2026-04-30 11:53:32 - INFO - web - Клиент 5xOXXX_jqK1I89pwAAAB подписался на обновления статуса
2026-04-30 11:53:43 - INFO - web - Клиент отключился от WebSocket: 5xOXXX_jqK1I89pwAAAB
2026-04-30 12:02:32 - INFO - web - ===== WEB APP STARTED =====
2026-04-30 12:02:32 - INFO - web - Запущен фоновый поток WebSocket обновлений
2026-04-30 12:02:43 - INFO - web - Клиент подключился к WebSocket: ZHNC3yxuh3Br9HlLAAAB
2026-04-30 12:02:43 - INFO - web - Клиент ZHNC3yxuh3Br9HlLAAAB подписался на обновления статуса
2026-04-30 12:03:28 - INFO - web - Клиент отключился от WebSocket: ZHNC3yxuh3Br9HlLAAAB
2026-04-30 12:03:32 - INFO - web - Клиент подключился к WebSocket: Rq_UOQJgXsHG_m0fAAAD
2026-04-30 12:03:32 - INFO - web - Клиент Rq_UOQJgXsHG_m0fAAAD подписался на обновления статуса
2026-04-30 12:03:32 - INFO - web - Клиент отключился от WebSocket: Rq_UOQJgXsHG_m0fAAAD
2026-04-30 12:52:01 - INFO - web - ===== WEB APP STARTED =====
2026-04-30 12:52:02 - INFO - web - Запущен фоновый поток WebSocket обновлений
2026-04-30 12:52:12 - INFO - web - Клиент подключился к WebSocket: TufuB_5UEwawrikPAAAB
2026-04-30 12:52:12 - INFO - web - Клиент TufuB_5UEwawrikPAAAB подписался на обновления статуса
2026-04-30 12:52:18 - INFO - web - Клиент отключился от WebSocket: TufuB_5UEwawrikPAAAB
2026-04-30 12:52:19 - INFO - web - Клиент подключился к WebSocket: R00aFNTkgHHofsr7AAAD
2026-04-30 12:52:19 - INFO - web - Клиент R00aFNTkgHHofsr7AAAD подписался на обновления статуса
2026-04-30 12:52:27 - INFO - web - Клиент отключился от WebSocket: R00aFNTkgHHofsr7AAAD
2026-04-30 12:59:21 - INFO - web - ===== WEB APP STARTED =====
2026-04-30 12:59:21 - INFO - web - Запущен фоновый поток WebSocket обновлений
2026-04-30 12:59:36 - INFO - web - Клиент подключился к WebSocket: MaQEZJYWpAC7GV5IAAAB
2026-04-30 12:59:36 - INFO - web - Клиент MaQEZJYWpAC7GV5IAAAB подписался на обновления статуса
2026-04-30 12:59:39 - INFO - web - Клиент отключился от WebSocket: MaQEZJYWpAC7GV5IAAAB
2026-04-30 13:00:22 - INFO - web - Клиент подключился к WebSocket: lmPsSCEPf8xDjqu4AAAD
2026-04-30 13:00:22 - INFO - web - Клиент lmPsSCEPf8xDjqu4AAAD подписался на обновления статуса
2026-04-30 13:33:33 - INFO - web - ===== WEB APP STARTED =====
2026-04-30 13:33:34 - INFO - web - Запущен фоновый поток WebSocket обновлений
2026-04-30 13:33:42 - INFO - web - Клиент подключился к WebSocket: xbmx3VhmC_SfaMjIAAAB
2026-04-30 13:33:42 - INFO - web - Клиент xbmx3VhmC_SfaMjIAAAB подписался на обновления статуса
2026-04-30 13:33:44 - INFO - web - Клиент отключился от WebSocket: xbmx3VhmC_SfaMjIAAAB
2026-04-30 13:33:49 - INFO - web - Клиент подключился к WebSocket: 3XXki9wTR_Mw89-8AAAD
2026-04-30 13:33:49 - INFO - web - Клиент 3XXki9wTR_Mw89-8AAAD подписался на обновления статуса
